生成启动时间为 2020/3/15 22:08:08。
     1>项目“C:\Users\Administrator\documents\visual studio 2013\Projects\MyDriver2\MyDriver2\MyDriver2.vcxproj”在节点 2 上(Build 个目标)。
     1>ClCompile:
         C:\Program Files (x86)\Microsoft Visual Studio 12.0\VC\bin\CL.exe /c /IWin7Debug\ /Zi /nologo /W4 /WX /Od /Oi /Oy- /D _X86_=1 /D i386=1 /D STD_CALL /D DEPRECATE_DDK_FUNCTIONS=1 /D MSC_NOOPT /D _WIN32_WINNT=0x0601 /D WINVER=0x0601 /D WINNT=1 /D NTDDI_VERSION=0x06010000 /D DBG=1 /GF /Gm- /Zp8 /GS /Gy /fp:precise /Zc:wchar_t- /Zc:forScope- /GR- /Fo"Win7Debug\\" /Fd"Win7Debug\vc120.pdb" /Gz /wd4748 /wd4603 /wd4627 /wd4986 /wd4987 /wd4996 /FI"C:\Program Files (x86)\Windows Kits\8.1\Include\Shared\warning.h" /analyze- /errorReport:prompt /kernel -cbstring /d1import_no_registry /d2AllowCompatibleILVersions /d2Zi+ Driver.c
         Driver.c
     1>Driver.c(27): error C2220: 警告被视为错误 - 没有生成“object”文件
     1>Driver.c(27): warning C4305: “类型转换”: 从“ULONG64”到“PEB_LDR_DATA64 *”截断
     1>Driver.c(27): warning C4305: “类型转换”: 从“ULONGLONG”到“PLIST_ENTRY64”截断
     1>Driver.c(40): warning C4305: “类型转换”: 从“ULONGLONG”到“PLIST_ENTRY64”截断
     1>Driver.c(16): warning C4189: “pListEntryStart32”: 局部变量已初始化但不引用
     1>Driver.c(15): warning C4189: “pLdrDataEntry32”: 局部变量已初始化但不引用
     1>Driver.c(16): warning C4189: “pListEntryEnd32”: 局部变量已初始化但不引用
     1>Driver.c(14): warning C4189: “pPEB32”: 局部变量已初始化但不引用
     1>Driver.c(123): warning C4101: “ep”: 未引用的局部变量
     1>Driver.c(260): warning C4022: “MDLreadMemory”: 指针与实参 1 不匹配
     1>Driver.c(260): warning C4022: “MDLreadMemory”: 指针与实参 2 不匹配
     1>Driver.c(323): warning C4189: “ret”: 局部变量已初始化但不引用
     1>已完成生成项目“C:\Users\Administrator\documents\visual studio 2013\Projects\MyDriver2\MyDriver2\MyDriver2.vcxproj”(Build 个目标)的操作 - 失败。

生成失败。

已用时间 00:00:00.78
